正在读取软件包列表...
正在分析软件包的依赖关系树...
正在读取状态信息...
python2.6-dev 已经是最新的版本了。
升级了 0 个软件包，新安装了 0 个软件包，要卸载 0 个软件包，有 0 个软件包未被升级。
正在读取软件包列表...
正在分析软件包的依赖关系树...
正在读取状态信息...
libqt4-dev 已经是最新的版本了。
libqt4-gui 已经是最新的版本了。
qt4-dev-tools 已经是最新的版本了。
qt4-qtconfig 已经是最新的版本了。
升级了 0 个软件包，新安装了 0 个软件包，要卸载 0 个软件包，有 0 个软件包未被升级。
正在读取软件包列表...
正在分析软件包的依赖关系树...
正在读取状态信息...
注意，根据正则表达式“python-qt4-*”选中了 python-qt4-phonon
注意，根据正则表达式“python-qt4-*”选中了 python-qt4-sql-dbg
注意，根据正则表达式“python-qt4-*”选中了 python-qt4-phonon-dbg
注意，根据正则表达式“python-qt4-*”选中了 python-qt4-dbg
注意，根据正则表达式“python-qt4-*”选中了 python-qt4-dev
注意，根据正则表达式“python-qt4-*”选中了 python-qt4-doc
注意，根据正则表达式“python-qt4-*”选中了 python-qt4-gl
注意，根据正则表达式“python-qt4-*”选中了 python-qt4
注意，根据正则表达式“python-qt4-*”选中了 python-qt4-sql
注意，根据正则表达式“python-qt4-*”选中了 python-qt4-common
注意，根据正则表达式“python-qt4-*”选中了 python-qt4-dbus-dbg
注意，根据正则表达式“python-qt4-*”选中了 python-qt4-gl-dbg
注意，根据正则表达式“python-qt4-*”选中了 python-qt4-dbus
升级了 0 个软件包，新安装了 0 个软件包，要卸载 0 个软件包，有 0 个软件包未被升级。
正在读取软件包列表...
正在分析软件包的依赖关系树...
正在读取状态信息...
python2.6-dev 已经是最新的版本了。
升级了 0 个软件包，新安装了 0 个软件包，要卸载 0 个软件包，有 0 个软件包未被升级。
正在读取软件包列表...
正在分析软件包的依赖关系树...
正在读取状态信息...
libqt4-dev 已经是最新的版本了。
libqt4-gui 已经是最新的版本了。
qt4-dev-tools 已经是最新的版本了。
qt4-qtconfig 已经是最新的版本了。
升级了 0 个软件包，新安装了 0 个软件包，要卸载 0 个软件包，有 0 个软件包未被升级。
正在读取软件包列表...
正在分析软件包的依赖关系树...
正在读取状态信息...
注意，根据正则表达式“python-qt4-*”选中了 python-qt4-phonon
注意，根据正则表达式“python-qt4-*”选中了 python-qt4-sql-dbg
注意，根据正则表达式“python-qt4-*”选中了 python-qt4-phonon-dbg
注意，根据正则表达式“python-qt4-*”选中了 python-qt4-dbg
注意，根据正则表达式“python-qt4-*”选中了 python-qt4-dev
注意，根据正则表达式“python-qt4-*”选中了 python-qt4-doc
注意，根据正则表达式“python-qt4-*”选中了 python-qt4-gl
注意，根据正则表达式“python-qt4-*”选中了 python-qt4
注意，根据正则表达式“python-qt4-*”选中了 python-qt4-sql
注意，根据正则表达式“python-qt4-*”选中了 python-qt4-common
注意，根据正则表达式“python-qt4-*”选中了 python-qt4-dbus-dbg
注意，根据正则表达式“python-qt4-*”选中了 python-qt4-gl-dbg
注意，根据正则表达式“python-qt4-*”选中了 python-qt4-dbus
升级了 0 个软件包，新安装了 0 个软件包，要卸载 0 个软件包，有 0 个软件包未被升级。
正在读取软件包列表...
正在分析软件包的依赖关系树...
正在读取状态信息...
python2.6-dev 已经是最新的版本了。
升级了 0 个软件包，新安装了 0 个软件包，要卸载 0 个软件包，有 0 个软件包未被升级。
正在读取软件包列表...
正在分析软件包的依赖关系树...
正在读取状态信息...
libqt4-dev 已经是最新的版本了。
libqt4-gui 已经是最新的版本了。
qt4-dev-tools 已经是最新的版本了。
qt4-qtconfig 已经是最新的版本了。
升级了 0 个软件包，新安装了 0 个软件包，要卸载 0 个软件包，有 0 个软件包未被升级。
正在读取软件包列表...
正在分析软件包的依赖关系树...
正在读取状态信息...
注意，根据正则表达式“python-qt4-*”选中了 python-qt4-phonon
注意，根据正则表达式“python-qt4-*”选中了 python-qt4-sql-dbg
注意，根据正则表达式“python-qt4-*”选中了 python-qt4-phonon-dbg
注意，根据正则表达式“python-qt4-*”选中了 python-qt4-dbg
注意，根据正则表达式“python-qt4-*”选中了 python-qt4-dev
注意，根据正则表达式“python-qt4-*”选中了 python-qt4-doc
注意，根据正则表达式“python-qt4-*”选中了 python-qt4-gl
注意，根据正则表达式“python-qt4-*”选中了 python-qt4
注意，根据正则表达式“python-qt4-*”选中了 python-qt4-sql
注意，根据正则表达式“python-qt4-*”选中了 python-qt4-common
注意，根据正则表达式“python-qt4-*”选中了 python-qt4-dbus-dbg
注意，根据正则表达式“python-qt4-*”选中了 python-qt4-gl-dbg
注意，根据正则表达式“python-qt4-*”选中了 python-qt4-dbus
升级了 0 个软件包，新安装了 0 个软件包，要卸载 0 个软件包，有 0 个软件包未被升级。
正在读取软件包列表...
正在分析软件包的依赖关系树...
正在读取状态信息...
python2.6-dev 已经是最新的版本了。
升级了 0 个软件包，新安装了 0 个软件包，要卸载 0 个软件包，有 0 个软件包未被升级。
正在读取软件包列表...
正在分析软件包的依赖关系树...
正在读取状态信息...
libqt4-dev 已经是最新的版本了。
libqt4-gui 已经是最新的版本了。
qt4-dev-tools 已经是最新的版本了。
qt4-qtconfig 已经是最新的版本了。
升级了 0 个软件包，新安装了 0 个软件包，要卸载 0 个软件包，有 0 个软件包未被升级。
正在读取软件包列表...
正在分析软件包的依赖关系树...
正在读取状态信息...
注意，根据正则表达式“python-qt4-*”选中了 python-qt4-phonon
注意，根据正则表达式“python-qt4-*”选中了 python-qt4-sql-dbg
注意，根据正则表达式“python-qt4-*”选中了 python-qt4-phonon-dbg
注意，根据正则表达式“python-qt4-*”选中了 python-qt4-dbg
注意，根据正则表达式“python-qt4-*”选中了 python-qt4-dev
注意，根据正则表达式“python-qt4-*”选中了 python-qt4-doc
注意，根据正则表达式“python-qt4-*”选中了 python-qt4-gl
注意，根据正则表达式“python-qt4-*”选中了 python-qt4
注意，根据正则表达式“python-qt4-*”选中了 python-qt4-sql
注意，根据正则表达式“python-qt4-*”选中了 python-qt4-common
注意，根据正则表达式“python-qt4-*”选中了 python-qt4-dbus-dbg
注意，根据正则表达式“python-qt4-*”选中了 python-qt4-gl-dbg
注意，根据正则表达式“python-qt4-*”选中了 python-qt4-dbus
升级了 0 个软件包，新安装了 0 个软件包，要卸载 0 个软件包，有 0 个软件包未被升级。
正在读取软件包列表...
正在分析软件包的依赖关系树...
正在读取状态信息...
python2.6-dev 已经是最新的版本了。
升级了 0 个软件包，新安装了 0 个软件包，要卸载 0 个软件包，有 0 个软件包未被升级。
正在读取软件包列表...
正在分析软件包的依赖关系树...
正在读取状态信息...
libqt4-dev 已经是最新的版本了。
libqt4-gui 已经是最新的版本了。
qt4-dev-tools 已经是最新的版本了。
qt4-qtconfig 已经是最新的版本了。
升级了 0 个软件包，新安装了 0 个软件包，要卸载 0 个软件包，有 0 个软件包未被升级。
正在读取软件包列表...
正在分析软件包的依赖关系树...
正在读取状态信息...
注意，根据正则表达式“python-qt4-*”选中了 python-qt4-phonon
注意，根据正则表达式“python-qt4-*”选中了 python-qt4-sql-dbg
注意，根据正则表达式“python-qt4-*”选中了 python-qt4-phonon-dbg
注意，根据正则表达式“python-qt4-*”选中了 python-qt4-dbg
注意，根据正则表达式“python-qt4-*”选中了 python-qt4-dev
注意，根据正则表达式“python-qt4-*”选中了 python-qt4-doc
注意，根据正则表达式“python-qt4-*”选中了 python-qt4-gl
注意，根据正则表达式“python-qt4-*”选中了 python-qt4
注意，根据正则表达式“python-qt4-*”选中了 python-qt4-sql
注意，根据正则表达式“python-qt4-*”选中了 python-qt4-common
注意，根据正则表达式“python-qt4-*”选中了 python-qt4-dbus-dbg
注意，根据正则表达式“python-qt4-*”选中了 python-qt4-gl-dbg
注意，根据正则表达式“python-qt4-*”选中了 python-qt4-dbus
升级了 0 个软件包，新安装了 0 个软件包，要卸载 0 个软件包，有 0 个软件包未被升级。
正在读取软件包列表...
正在分析软件包的依赖关系树...
正在读取状态信息...
python2.6-dev 已经是最新的版本了。
升级了 0 个软件包，新安装了 0 个软件包，要卸载 0 个软件包，有 0 个软件包未被升级。
正在读取软件包列表...
正在分析软件包的依赖关系树...
正在读取状态信息...
libqt4-dev 已经是最新的版本了。
libqt4-gui 已经是最新的版本了。
qt4-dev-tools 已经是最新的版本了。
qt4-qtconfig 已经是最新的版本了。
升级了 0 个软件包，新安装了 0 个软件包，要卸载 0 个软件包，有 0 个软件包未被升级。
正在读取软件包列表...
正在分析软件包的依赖关系树...
正在读取状态信息...
注意，根据正则表达式“python-qt4-*”选中了 python-qt4-phonon
注意，根据正则表达式“python-qt4-*”选中了 python-qt4-sql-dbg
注意，根据正则表达式“python-qt4-*”选中了 python-qt4-phonon-dbg
注意，根据正则表达式“python-qt4-*”选中了 python-qt4-dbg
注意，根据正则表达式“python-qt4-*”选中了 python-qt4-dev
注意，根据正则表达式“python-qt4-*”选中了 python-qt4-doc
注意，根据正则表达式“python-qt4-*”选中了 python-qt4-gl
注意，根据正则表达式“python-qt4-*”选中了 python-qt4
注意，根据正则表达式“python-qt4-*”选中了 python-qt4-sql
注意，根据正则表达式“python-qt4-*”选中了 python-qt4-common
注意，根据正则表达式“python-qt4-*”选中了 python-qt4-dbus-dbg
注意，根据正则表达式“python-qt4-*”选中了 python-qt4-gl-dbg
注意，根据正则表达式“python-qt4-*”选中了 python-qt4-dbus
升级了 0 个软件包，新安装了 0 个软件包，要卸载 0 个软件包，有 0 个软件包未被升级。
[?1000h[?1049h[?1h=[1;33r[?12;25h[?12l[?25h[27m[m[H[2J[?25l[33;1H"iprecord.txt" [只读][已转换] 2L, 38C[1;1H[33m  1 
  2 [m<-----------10:44保存-------------->
[1m[34m~                                                                                                                                              [4;1H~                                                                                                                                              [5;1H~                                                                                                                                              [6;1H~                                                                                                                                              [7;1H~                                                                                                                                              [8;1H~                                                                                                                                              [9;1H~                                                                                                                                              [10;1H~                                                                                                                                              [11;1H~                                                                                                                                              [12;1H~                                                                                                                                              [13;1H~                                                                                                                                              [14;1H~                                                                                                                                              [15;1H~                                                                                                                                              [16;1H~                                                                                                                                              [17;1H~                                                                                                                                              [18;1H~                                                                                                                                              [19;1H~                                                                                                                                              [20;1H~                                                                                                                                              [21;1H~                                                                                                                                              [22;1H~                                                                                                                                              [23;1H~                                                                                                                                              [24;1H~                                                                                                                                              [25;1H~                                                                                                                                              [26;1H~                                                                                                                                              [27;1H~                                                                                                                                              [28;1H~                                                                                                                                              [29;1H~                                                                                                                                              [30;1H~                                                                                                                                              [31;1H~                                                                                                                                              [32;1H~                                                                                                                                              [m[33;126H1,0-1[8C全部[1;5H[?12l[?25h[?25l[33;1H输入  :quit<Enter>  退出 Vim[33;29H[K[33;126H1,0-1[8C全部[1;5H[?12l[?25h[?25l[33;126H[K[33;126H1,0-1[8C全部[1;5H[?12l[?25h[?25l[33;1H[1m-- 可视 块 --[m[33;14H[K[33;126H1,0-1[8C全部[1;5H[?12l[?25h[?25l[33;1H[K[33;126H1,0-1[8C全部[1;5H[?12l[?25h[?25l[33;1H输入  :quit<Enter>  退出 Vim[33;126H[K[33;126H1,0-1[8C全部[1;5H[?12l[?25h[?25l[33;1H[1m-- 可视 块 --[m[33;14H[K[33;126H1,0-1[8C全部[1;5H[?12l[?25h[33;1H
[?1l>[?1049l[?1000l正在读取软件包列表...
正在分析软件包的依赖关系树...
正在读取状态信息...
python2.6-dev 已经是最新的版本了。
升级了 0 个软件包，新安装了 0 个软件包，要卸载 0 个软件包，有 0 个软件包未被升级。
正在读取软件包列表...
正在分析软件包的依赖关系树...
正在读取状态信息...
libqt4-dev 已经是最新的版本了。
libqt4-gui 已经是最新的版本了。
qt4-dev-tools 已经是最新的版本了。
qt4-qtconfig 已经是最新的版本了。
升级了 0 个软件包，新安装了 0 个软件包，要卸载 0 个软件包，有 0 个软件包未被升级。
正在读取软件包列表...
正在分析软件包的依赖关系树...
正在读取状态信息...
注意，根据正则表达式“python-qt4-*”选中了 python-qt4-phonon
注意，根据正则表达式“python-qt4-*”选中了 python-qt4-sql-dbg
注意，根据正则表达式“python-qt4-*”选中了 python-qt4-phonon-dbg
注意，根据正则表达式“python-qt4-*”选中了 python-qt4-dbg
注意，根据正则表达式“python-qt4-*”选中了 python-qt4-dev
注意，根据正则表达式“python-qt4-*”选中了 python-qt4-doc
注意，根据正则表达式“python-qt4-*”选中了 python-qt4-gl
注意，根据正则表达式“python-qt4-*”选中了 python-qt4
注意，根据正则表达式“python-qt4-*”选中了 python-qt4-sql
注意，根据正则表达式“python-qt4-*”选中了 python-qt4-common
注意，根据正则表达式“python-qt4-*”选中了 python-qt4-dbus-dbg
注意，根据正则表达式“python-qt4-*”选中了 python-qt4-gl-dbg
注意，根据正则表达式“python-qt4-*”选中了 python-qt4-dbus
升级了 0 个软件包，新安装了 0 个软件包，要卸载 0 个软件包，有 0 个软件包未被升级。
正在读取软件包列表...
正在分析软件包的依赖关系树...
正在读取状态信息...
python2.6-dev 已经是最新的版本了。
升级了 0 个软件包，新安装了 0 个软件包，要卸载 0 个软件包，有 0 个软件包未被升级。
正在读取软件包列表...
正在分析软件包的依赖关系树...
正在读取状态信息...
libqt4-dev 已经是最新的版本了。
libqt4-gui 已经是最新的版本了。
qt4-dev-tools 已经是最新的版本了。
qt4-qtconfig 已经是最新的版本了。
升级了 0 个软件包，新安装了 0 个软件包，要卸载 0 个软件包，有 0 个软件包未被升级。
正在读取软件包列表...
正在分析软件包的依赖关系树...
正在读取状态信息...
注意，根据正则表达式“python-qt4-*”选中了 python-qt4-phonon
注意，根据正则表达式“python-qt4-*”选中了 python-qt4-sql-dbg
注意，根据正则表达式“python-qt4-*”选中了 python-qt4-phonon-dbg
注意，根据正则表达式“python-qt4-*”选中了 python-qt4-dbg
注意，根据正则表达式“python-qt4-*”选中了 python-qt4-dev
注意，根据正则表达式“python-qt4-*”选中了 python-qt4-doc
注意，根据正则表达式“python-qt4-*”选中了 python-qt4-gl
注意，根据正则表达式“python-qt4-*”选中了 python-qt4
注意，根据正则表达式“python-qt4-*”选中了 python-qt4-sql
注意，根据正则表达式“python-qt4-*”选中了 python-qt4-common
注意，根据正则表达式“python-qt4-*”选中了 python-qt4-dbus-dbg
注意，根据正则表达式“python-qt4-*”选中了 python-qt4-gl-dbg
注意，根据正则表达式“python-qt4-*”选中了 python-qt4-dbus
升级了 0 个软件包，新安装了 0 个软件包，要卸载 0 个软件包，有 0 个软件包未被升级。
正在读取软件包列表...
正在分析软件包的依赖关系树...
正在读取状态信息...
python2.6-dev 已经是最新的版本了。
升级了 0 个软件包，新安装了 0 个软件包，要卸载 0 个软件包，有 0 个软件包未被升级。
正在读取软件包列表...
正在分析软件包的依赖关系树...
正在读取状态信息...
libqt4-dev 已经是最新的版本了。
libqt4-gui 已经是最新的版本了。
qt4-dev-tools 已经是最新的版本了。
qt4-qtconfig 已经是最新的版本了。
升级了 0 个软件包，新安装了 0 个软件包，要卸载 0 个软件包，有 0 个软件包未被升级。
正在读取软件包列表...
正在分析软件包的依赖关系树...
正在读取状态信息...
注意，根据正则表达式“python-qt4-*”选中了 python-qt4-phonon
注意，根据正则表达式“python-qt4-*”选中了 python-qt4-sql-dbg
注意，根据正则表达式“python-qt4-*”选中了 python-qt4-phonon-dbg
注意，根据正则表达式“python-qt4-*”选中了 python-qt4-dbg
注意，根据正则表达式“python-qt4-*”选中了 python-qt4-dev
注意，根据正则表达式“python-qt4-*”选中了 python-qt4-doc
注意，根据正则表达式“python-qt4-*”选中了 python-qt4-gl
注意，根据正则表达式“python-qt4-*”选中了 python-qt4
注意，根据正则表达式“python-qt4-*”选中了 python-qt4-sql
注意，根据正则表达式“python-qt4-*”选中了 python-qt4-common
注意，根据正则表达式“python-qt4-*”选中了 python-qt4-dbus-dbg
注意，根据正则表达式“python-qt4-*”选中了 python-qt4-gl-dbg
注意，根据正则表达式“python-qt4-*”选中了 python-qt4-dbus
升级了 0 个软件包，新安装了 0 个软件包，要卸载 0 个软件包，有 0 个软件包未被升级。
正在读取软件包列表...
正在分析软件包的依赖关系树...
正在读取状态信息...
python2.6-dev 已经是最新的版本了。
升级了 0 个软件包，新安装了 0 个软件包，要卸载 0 个软件包，有 0 个软件包未被升级。
正在读取软件包列表...
正在分析软件包的依赖关系树...
正在读取状态信息...
libqt4-dev 已经是最新的版本了。
libqt4-gui 已经是最新的版本了。
qt4-dev-tools 已经是最新的版本了。
qt4-qtconfig 已经是最新的版本了。
升级了 0 个软件包，新安装了 0 个软件包，要卸载 0 个软件包，有 0 个软件包未被升级。
正在读取软件包列表...
正在分析软件包的依赖关系树...
正在读取状态信息...
注意，根据正则表达式“python-qt4-*”选中了 python-qt4-phonon
注意，根据正则表达式“python-qt4-*”选中了 python-qt4-sql-dbg
注意，根据正则表达式“python-qt4-*”选中了 python-qt4-phonon-dbg
注意，根据正则表达式“python-qt4-*”选中了 python-qt4-dbg
注意，根据正则表达式“python-qt4-*”选中了 python-qt4-dev
注意，根据正则表达式“python-qt4-*”选中了 python-qt4-doc
注意，根据正则表达式“python-qt4-*”选中了 python-qt4-gl
注意，根据正则表达式“python-qt4-*”选中了 python-qt4
注意，根据正则表达式“python-qt4-*”选中了 python-qt4-sql
注意，根据正则表达式“python-qt4-*”选中了 python-qt4-common
注意，根据正则表达式“python-qt4-*”选中了 python-qt4-dbus-dbg
注意，根据正则表达式“python-qt4-*”选中了 python-qt4-gl-dbg
注意，根据正则表达式“python-qt4-*”选中了 python-qt4-dbus
升级了 0 个软件包，新安装了 0 个软件包，要卸载 0 个软件包，有 0 个软件包未被升级。
正在读取软件包列表...
正在分析软件包的依赖关系树...
正在读取状态信息...
python2.6-dev 已经是最新的版本了。
升级了 0 个软件包，新安装了 0 个软件包，要卸载 0 个软件包，有 0 个软件包未被升级。
正在读取软件包列表...
正在分析软件包的依赖关系树...
正在读取状态信息...
libqt4-dev 已经是最新的版本了。
libqt4-gui 已经是最新的版本了。
qt4-dev-tools 已经是最新的版本了。
qt4-qtconfig 已经是最新的版本了。
升级了 0 个软件包，新安装了 0 个软件包，要卸载 0 个软件包，有 0 个软件包未被升级。
正在读取软件包列表...
正在分析软件包的依赖关系树...
正在读取状态信息...
注意，根据正则表达式“python-qt4-*”选中了 python-qt4-phonon
注意，根据正则表达式“python-qt4-*”选中了 python-qt4-sql-dbg
注意，根据正则表达式“python-qt4-*”选中了 python-qt4-phonon-dbg
注意，根据正则表达式“python-qt4-*”选中了 python-qt4-dbg
注意，根据正则表达式“python-qt4-*”选中了 python-qt4-dev
注意，根据正则表达式“python-qt4-*”选中了 python-qt4-doc
注意，根据正则表达式“python-qt4-*”选中了 python-qt4-gl
注意，根据正则表达式“python-qt4-*”选中了 python-qt4
注意，根据正则表达式“python-qt4-*”选中了 python-qt4-sql
注意，根据正则表达式“python-qt4-*”选中了 python-qt4-common
注意，根据正则表达式“python-qt4-*”选中了 python-qt4-dbus-dbg
注意，根据正则表达式“python-qt4-*”选中了 python-qt4-gl-dbg
注意，根据正则表达式“python-qt4-*”选中了 python-qt4-dbus
升级了 0 个软件包，新安装了 0 个软件包，要卸载 0 个软件包，有 0 个软件包未被升级。
正在读取软件包列表...
正在分析软件包的依赖关系树...
正在读取状态信息...
python2.6-dev 已经是最新的版本了。
升级了 0 个软件包，新安装了 0 个软件包，要卸载 0 个软件包，有 0 个软件包未被升级。
正在读取软件包列表...
正在分析软件包的依赖关系树...
正在读取状态信息...
libqt4-dev 已经是最新的版本了。
libqt4-gui 已经是最新的版本了。
qt4-dev-tools 已经是最新的版本了。
qt4-qtconfig 已经是最新的版本了。
升级了 0 个软件包，新安装了 0 个软件包，要卸载 0 个软件包，有 0 个软件包未被升级。
正在读取软件包列表...
正在分析软件包的依赖关系树...
正在读取状态信息...
注意，根据正则表达式“python-qt4-*”选中了 python-qt4-phonon
注意，根据正则表达式“python-qt4-*”选中了 python-qt4-sql-dbg
注意，根据正则表达式“python-qt4-*”选中了 python-qt4-phonon-dbg
注意，根据正则表达式“python-qt4-*”选中了 python-qt4-dbg
注意，根据正则表达式“python-qt4-*”选中了 python-qt4-dev
注意，根据正则表达式“python-qt4-*”选中了 python-qt4-doc
注意，根据正则表达式“python-qt4-*”选中了 python-qt4-gl
注意，根据正则表达式“python-qt4-*”选中了 python-qt4
注意，根据正则表达式“python-qt4-*”选中了 python-qt4-sql
注意，根据正则表达式“python-qt4-*”选中了 python-qt4-common
注意，根据正则表达式“python-qt4-*”选中了 python-qt4-dbus-dbg
注意，根据正则表达式“python-qt4-*”选中了 python-qt4-gl-dbg
注意，根据正则表达式“python-qt4-*”选中了 python-qt4-dbus
升级了 0 个软件包，新安装了 0 个软件包，要卸载 0 个软件包，有 0 个软件包未被升级。
正在读取软件包列表...
正在分析软件包的依赖关系树...
正在读取状态信息...
python2.6-dev 已经是最新的版本了。
升级了 0 个软件包，新安装了 0 个软件包，要卸载 0 个软件包，有 0 个软件包未被升级。
正在读取软件包列表...
正在分析软件包的依赖关系树...
正在读取状态信息...
libqt4-dev 已经是最新的版本了。
libqt4-gui 已经是最新的版本了。
qt4-dev-tools 已经是最新的版本了。
qt4-qtconfig 已经是最新的版本了。
升级了 0 个软件包，新安装了 0 个软件包，要卸载 0 个软件包，有 0 个软件包未被升级。
正在读取软件包列表...
正在分析软件包的依赖关系树...
正在读取状态信息...
注意，根据正则表达式“python-qt4-*”选中了 python-qt4-phonon
注意，根据正则表达式“python-qt4-*”选中了 python-qt4-sql-dbg
注意，根据正则表达式“python-qt4-*”选中了 python-qt4-phonon-dbg
注意，根据正则表达式“python-qt4-*”选中了 python-qt4-dbg
注意，根据正则表达式“python-qt4-*”选中了 python-qt4-dev
注意，根据正则表达式“python-qt4-*”选中了 python-qt4-doc
注意，根据正则表达式“python-qt4-*”选中了 python-qt4-gl
注意，根据正则表达式“python-qt4-*”选中了 python-qt4
注意，根据正则表达式“python-qt4-*”选中了 python-qt4-sql
注意，根据正则表达式“python-qt4-*”选中了 python-qt4-common
注意，根据正则表达式“python-qt4-*”选中了 python-qt4-dbus-dbg
注意，根据正则表达式“python-qt4-*”选中了 python-qt4-gl-dbg
注意，根据正则表达式“python-qt4-*”选中了 python-qt4-dbus
升级了 0 个软件包，新安装了 0 个软件包，要卸载 0 个软件包，有 0 个软件包未被升级。
正在读取软件包列表...
正在分析软件包的依赖关系树...
正在读取状态信息...
python2.6-dev 已经是最新的版本了。
升级了 0 个软件包，新安装了 0 个软件包，要卸载 0 个软件包，有 0 个软件包未被升级。
正在读取软件包列表...
正在分析软件包的依赖关系树...
正在读取状态信息...
libqt4-dev 已经是最新的版本了。
libqt4-gui 已经是最新的版本了。
qt4-dev-tools 已经是最新的版本了。
qt4-qtconfig 已经是最新的版本了。
升级了 0 个软件包，新安装了 0 个软件包，要卸载 0 个软件包，有 0 个软件包未被升级。
正在读取软件包列表...
正在分析软件包的依赖关系树...
正在读取状态信息...
注意，根据正则表达式“python-qt4-*”选中了 python-qt4-phonon
注意，根据正则表达式“python-qt4-*”选中了 python-qt4-sql-dbg
注意，根据正则表达式“python-qt4-*”选中了 python-qt4-phonon-dbg
注意，根据正则表达式“python-qt4-*”选中了 python-qt4-dbg
注意，根据正则表达式“python-qt4-*”选中了 python-qt4-dev
注意，根据正则表达式“python-qt4-*”选中了 python-qt4-doc
注意，根据正则表达式“python-qt4-*”选中了 python-qt4-gl
注意，根据正则表达式“python-qt4-*”选中了 python-qt4
注意，根据正则表达式“python-qt4-*”选中了 python-qt4-sql
注意，根据正则表达式“python-qt4-*”选中了 python-qt4-common
注意，根据正则表达式“python-qt4-*”选中了 python-qt4-dbus-dbg
注意，根据正则表达式“python-qt4-*”选中了 python-qt4-gl-dbg
注意，根据正则表达式“python-qt4-*”选中了 python-qt4-dbus
升级了 0 个软件包，新安装了 0 个软件包，要卸载 0 个软件包，有 0 个软件包未被升级。
正在读取软件包列表...
正在分析软件包的依赖关系树...
正在读取状态信息...
python2.6-dev 已经是最新的版本了。
升级了 0 个软件包，新安装了 0 个软件包，要卸载 0 个软件包，有 0 个软件包未被升级。
正在读取软件包列表...
正在分析软件包的依赖关系树...
正在读取状态信息...
libqt4-dev 已经是最新的版本了。
libqt4-gui 已经是最新的版本了。
qt4-dev-tools 已经是最新的版本了。
qt4-qtconfig 已经是最新的版本了。
升级了 0 个软件包，新安装了 0 个软件包，要卸载 0 个软件包，有 0 个软件包未被升级。
正在读取软件包列表...
正在分析软件包的依赖关系树...
正在读取状态信息...
注意，根据正则表达式“python-qt4-*”选中了 python-qt4-phonon
注意，根据正则表达式“python-qt4-*”选中了 python-qt4-sql-dbg
注意，根据正则表达式“python-qt4-*”选中了 python-qt4-phonon-dbg
注意，根据正则表达式“python-qt4-*”选中了 python-qt4-dbg
注意，根据正则表达式“python-qt4-*”选中了 python-qt4-dev
注意，根据正则表达式“python-qt4-*”选中了 python-qt4-doc
注意，根据正则表达式“python-qt4-*”选中了 python-qt4-gl
注意，根据正则表达式“python-qt4-*”选中了 python-qt4
注意，根据正则表达式“python-qt4-*”选中了 python-qt4-sql
注意，根据正则表达式“python-qt4-*”选中了 python-qt4-common
注意，根据正则表达式“python-qt4-*”选中了 python-qt4-dbus-dbg
注意，根据正则表达式“python-qt4-*”选中了 python-qt4-gl-dbg
注意，根据正则表达式“python-qt4-*”选中了 python-qt4-dbus
升级了 0 个软件包，新安装了 0 个软件包，要卸载 0 个软件包，有 0 个软件包未被升级。
正在读取软件包列表...
正在分析软件包的依赖关系树...
正在读取状态信息...
python2.6-dev 已经是最新的版本了。
升级了 0 个软件包，新安装了 0 个软件包，要卸载 0 个软件包，有 0 个软件包未被升级。
正在读取软件包列表...
正在分析软件包的依赖关系树...
正在读取状态信息...
libqt4-dev 已经是最新的版本了。
libqt4-gui 已经是最新的版本了。
qt4-dev-tools 已经是最新的版本了。
qt4-qtconfig 已经是最新的版本了。
升级了 0 个软件包，新安装了 0 个软件包，要卸载 0 个软件包，有 0 个软件包未被升级。
正在读取软件包列表...
正在分析软件包的依赖关系树...
正在读取状态信息...
注意，根据正则表达式“python-qt4-*”选中了 python-qt4-phonon
注意，根据正则表达式“python-qt4-*”选中了 python-qt4-sql-dbg
注意，根据正则表达式“python-qt4-*”选中了 python-qt4-phonon-dbg
注意，根据正则表达式“python-qt4-*”选中了 python-qt4-dbg
注意，根据正则表达式“python-qt4-*”选中了 python-qt4-dev
注意，根据正则表达式“python-qt4-*”选中了 python-qt4-doc
注意，根据正则表达式“python-qt4-*”选中了 python-qt4-gl
注意，根据正则表达式“python-qt4-*”选中了 python-qt4
注意，根据正则表达式“python-qt4-*”选中了 python-qt4-sql
注意，根据正则表达式“python-qt4-*”选中了 python-qt4-common
注意，根据正则表达式“python-qt4-*”选中了 python-qt4-dbus-dbg
注意，根据正则表达式“python-qt4-*”选中了 python-qt4-gl-dbg
注意，根据正则表达式“python-qt4-*”选中了 python-qt4-dbus
升级了 0 个软件包，新安装了 0 个软件包，要卸载 0 个软件包，有 0 个软件包未被升级。
正在读取软件包列表...
正在分析软件包的依赖关系树...
正在读取状态信息...
python2.6-dev 已经是最新的版本了。
升级了 0 个软件包，新安装了 0 个软件包，要卸载 0 个软件包，有 0 个软件包未被升级。
正在读取软件包列表...
正在分析软件包的依赖关系树...
正在读取状态信息...
libqt4-dev 已经是最新的版本了。
libqt4-gui 已经是最新的版本了。
qt4-dev-tools 已经是最新的版本了。
qt4-qtconfig 已经是最新的版本了。
升级了 0 个软件包，新安装了 0 个软件包，要卸载 0 个软件包，有 0 个软件包未被升级。
正在读取软件包列表...
正在分析软件包的依赖关系树...
正在读取状态信息...
注意，根据正则表达式“python-qt4-*”选中了 python-qt4-phonon
注意，根据正则表达式“python-qt4-*”选中了 python-qt4-sql-dbg
注意，根据正则表达式“python-qt4-*”选中了 python-qt4-phonon-dbg
注意，根据正则表达式“python-qt4-*”选中了 python-qt4-dbg
注意，根据正则表达式“python-qt4-*”选中了 python-qt4-dev
注意，根据正则表达式“python-qt4-*”选中了 python-qt4-doc
注意，根据正则表达式“python-qt4-*”选中了 python-qt4-gl
注意，根据正则表达式“python-qt4-*”选中了 python-qt4
注意，根据正则表达式“python-qt4-*”选中了 python-qt4-sql
注意，根据正则表达式“python-qt4-*”选中了 python-qt4-common
注意，根据正则表达式“python-qt4-*”选中了 python-qt4-dbus-dbg
注意，根据正则表达式“python-qt4-*”选中了 python-qt4-gl-dbg
注意，根据正则表达式“python-qt4-*”选中了 python-qt4-dbus
升级了 0 个软件包，新安装了 0 个软件包，要卸载 0 个软件包，有 0 个软件包未被升级。
正在读取软件包列表...
正在分析软件包的依赖关系树...
正在读取状态信息...
python2.6-dev 已经是最新的版本了。
升级了 0 个软件包，新安装了 0 个软件包，要卸载 0 个软件包，有 0 个软件包未被升级。
正在读取软件包列表...
正在分析软件包的依赖关系树...
正在读取状态信息...
libqt4-dev 已经是最新的版本了。
libqt4-gui 已经是最新的版本了。
qt4-dev-tools 已经是最新的版本了。
qt4-qtconfig 已经是最新的版本了。
升级了 0 个软件包，新安装了 0 个软件包，要卸载 0 个软件包，有 0 个软件包未被升级。
正在读取软件包列表...
正在分析软件包的依赖关系树...
正在读取状态信息...
注意，根据正则表达式“python-qt4-*”选中了 python-qt4-phonon
注意，根据正则表达式“python-qt4-*”选中了 python-qt4-sql-dbg
注意，根据正则表达式“python-qt4-*”选中了 python-qt4-phonon-dbg
注意，根据正则表达式“python-qt4-*”选中了 python-qt4-dbg
注意，根据正则表达式“python-qt4-*”选中了 python-qt4-dev
注意，根据正则表达式“python-qt4-*”选中了 python-qt4-doc
注意，根据正则表达式“python-qt4-*”选中了 python-qt4-gl
注意，根据正则表达式“python-qt4-*”选中了 python-qt4
注意，根据正则表达式“python-qt4-*”选中了 python-qt4-sql
注意，根据正则表达式“python-qt4-*”选中了 python-qt4-common
注意，根据正则表达式“python-qt4-*”选中了 python-qt4-dbus-dbg
注意，根据正则表达式“python-qt4-*”选中了 python-qt4-gl-dbg
注意，根据正则表达式“python-qt4-*”选中了 python-qt4-dbus
升级了 0 个软件包，新安装了 0 个软件包，要卸载 0 个软件包，有 0 个软件包未被升级。
正在读取软件包列表...
正在分析软件包的依赖关系树...
正在读取状态信息...
python2.6-dev 已经是最新的版本了。
升级了 0 个软件包，新安装了 0 个软件包，要卸载 0 个软件包，有 0 个软件包未被升级。
正在读取软件包列表...
正在分析软件包的依赖关系树...
正在读取状态信息...
libqt4-dev 已经是最新的版本了。
libqt4-gui 已经是最新的版本了。
qt4-dev-tools 已经是最新的版本了。
qt4-qtconfig 已经是最新的版本了。
升级了 0 个软件包，新安装了 0 个软件包，要卸载 0 个软件包，有 0 个软件包未被升级。
正在读取软件包列表...
正在分析软件包的依赖关系树...
正在读取状态信息...
注意，根据正则表达式“python-qt4-*”选中了 python-qt4-phonon
注意，根据正则表达式“python-qt4-*”选中了 python-qt4-sql-dbg
注意，根据正则表达式“python-qt4-*”选中了 python-qt4-phonon-dbg
注意，根据正则表达式“python-qt4-*”选中了 python-qt4-dbg
注意，根据正则表达式“python-qt4-*”选中了 python-qt4-dev
注意，根据正则表达式“python-qt4-*”选中了 python-qt4-doc
注意，根据正则表达式“python-qt4-*”选中了 python-qt4-gl
注意，根据正则表达式“python-qt4-*”选中了 python-qt4
注意，根据正则表达式“python-qt4-*”选中了 python-qt4-sql
注意，根据正则表达式“python-qt4-*”选中了 python-qt4-common
注意，根据正则表达式“python-qt4-*”选中了 python-qt4-dbus-dbg
注意，根据正则表达式“python-qt4-*”选中了 python-qt4-gl-dbg
注意，根据正则表达式“python-qt4-*”选中了 python-qt4-dbus
升级了 0 个软件包，新安装了 0 个软件包，要卸载 0 个软件包，有 0 个软件包未被升级。
正在读取软件包列表...
正在分析软件包的依赖关系树...
正在读取状态信息...
python2.6-dev 已经是最新的版本了。
升级了 0 个软件包，新安装了 0 个软件包，要卸载 0 个软件包，有 0 个软件包未被升级。
正在读取软件包列表...
正在分析软件包的依赖关系树...
正在读取状态信息...
libqt4-dev 已经是最新的版本了。
libqt4-gui 已经是最新的版本了。
qt4-dev-tools 已经是最新的版本了。
qt4-qtconfig 已经是最新的版本了。
升级了 0 个软件包，新安装了 0 个软件包，要卸载 0 个软件包，有 0 个软件包未被升级。
正在读取软件包列表...
正在分析软件包的依赖关系树...
正在读取状态信息...
注意，根据正则表达式“python-qt4-*”选中了 python-qt4-phonon
注意，根据正则表达式“python-qt4-*”选中了 python-qt4-sql-dbg
注意，根据正则表达式“python-qt4-*”选中了 python-qt4-phonon-dbg
注意，根据正则表达式“python-qt4-*”选中了 python-qt4-dbg
注意，根据正则表达式“python-qt4-*”选中了 python-qt4-dev
注意，根据正则表达式“python-qt4-*”选中了 python-qt4-doc
注意，根据正则表达式“python-qt4-*”选中了 python-qt4-gl
注意，根据正则表达式“python-qt4-*”选中了 python-qt4
注意，根据正则表达式“python-qt4-*”选中了 python-qt4-sql
注意，根据正则表达式“python-qt4-*”选中了 python-qt4-common
注意，根据正则表达式“python-qt4-*”选中了 python-qt4-dbus-dbg
注意，根据正则表达式“python-qt4-*”选中了 python-qt4-gl-dbg
注意，根据正则表达式“python-qt4-*”选中了 python-qt4-dbus
升级了 0 个软件包，新安装了 0 个软件包，要卸载 0 个软件包，有 0 个软件包未被升级。
正在读取软件包列表...
正在分析软件包的依赖关系树...
正在读取状态信息...
python2.6-dev 已经是最新的版本了。
升级了 0 个软件包，新安装了 0 个软件包，要卸载 0 个软件包，有 0 个软件包未被升级。
正在读取软件包列表...
正在分析软件包的依赖关系树...
正在读取状态信息...
libqt4-dev 已经是最新的版本了。
libqt4-gui 已经是最新的版本了。
qt4-dev-tools 已经是最新的版本了。
qt4-qtconfig 已经是最新的版本了。
升级了 0 个软件包，新安装了 0 个软件包，要卸载 0 个软件包，有 0 个软件包未被升级。
正在读取软件包列表...
正在分析软件包的依赖关系树...
正在读取状态信息...
注意，根据正则表达式“python-qt4-*”选中了 python-qt4-phonon
注意，根据正则表达式“python-qt4-*”选中了 python-qt4-sql-dbg
注意，根据正则表达式“python-qt4-*”选中了 python-qt4-phonon-dbg
注意，根据正则表达式“python-qt4-*”选中了 python-qt4-dbg
注意，根据正则表达式“python-qt4-*”选中了 python-qt4-dev
注意，根据正则表达式“python-qt4-*”选中了 python-qt4-doc
注意，根据正则表达式“python-qt4-*”选中了 python-qt4-gl
注意，根据正则表达式“python-qt4-*”选中了 python-qt4
注意，根据正则表达式“python-qt4-*”选中了 python-qt4-sql
注意，根据正则表达式“python-qt4-*”选中了 python-qt4-common
注意，根据正则表达式“python-qt4-*”选中了 python-qt4-dbus-dbg
注意，根据正则表达式“python-qt4-*”选中了 python-qt4-gl-dbg
注意，根据正则表达式“python-qt4-*”选中了 python-qt4-dbus
升级了 0 个软件包，新安装了 0 个软件包，要卸载 0 个软件包，有 0 个软件包未被升级。
正在读取软件包列表...
正在分析软件包的依赖关系树...
正在读取状态信息...
python2.6-dev 已经是最新的版本了。
升级了 0 个软件包，新安装了 0 个软件包，要卸载 0 个软件包，有 0 个软件包未被升级。
正在读取软件包列表...
正在分析软件包的依赖关系树...
正在读取状态信息...
libqt4-dev 已经是最新的版本了。
libqt4-gui 已经是最新的版本了。
qt4-dev-tools 已经是最新的版本了。
qt4-qtconfig 已经是最新的版本了。
升级了 0 个软件包，新安装了 0 个软件包，要卸载 0 个软件包，有 0 个软件包未被升级。
正在读取软件包列表...
正在分析软件包的依赖关系树...
正在读取状态信息...
注意，根据正则表达式“python-qt4-*”选中了 python-qt4-phonon
注意，根据正则表达式“python-qt4-*”选中了 python-qt4-sql-dbg
注意，根据正则表达式“python-qt4-*”选中了 python-qt4-phonon-dbg
注意，根据正则表达式“python-qt4-*”选中了 python-qt4-dbg
注意，根据正则表达式“python-qt4-*”选中了 python-qt4-dev
注意，根据正则表达式“python-qt4-*”选中了 python-qt4-doc
注意，根据正则表达式“python-qt4-*”选中了 python-qt4-gl
注意，根据正则表达式“python-qt4-*”选中了 python-qt4
注意，根据正则表达式“python-qt4-*”选中了 python-qt4-sql
注意，根据正则表达式“python-qt4-*”选中了 python-qt4-common
注意，根据正则表达式“python-qt4-*”选中了 python-qt4-dbus-dbg
注意，根据正则表达式“python-qt4-*”选中了 python-qt4-gl-dbg
注意，根据正则表达式“python-qt4-*”选中了 python-qt4-dbus
升级了 0 个软件包，新安装了 0 个软件包，要卸载 0 个软件包，有 0 个软件包未被升级。
正在读取软件包列表...
正在分析软件包的依赖关系树...
正在读取状态信息...
nmap 已经是最新的版本了。
升级了 0 个软件包，新安装了 0 个软件包，要卸载 0 个软件包，有 0 个软件包未被升级。
[?1000h[?1049h[?1h=[?12;25h[?12l[?25h[27m[m[H[2J[?25l[1;1H[33m  1 
  2 [m<-----------10:44保存-------------->
[1m[34m~                                                                                                                                              [4;1H~                                                                                                                                              [5;1H~                                                                                                                                              [6;1H~                                                                                                                                              [7;1H~                                                                                                                                              [8;1H~                                                                                                                                              [9;1H~                                                                                                                                              [10;1H~                                                                                                                                              [11;1H~                                                                                                                                              [12;1H~                                                                                                                                              [13;1H~                                                                                                                                              [14;1H~                                                                                                                                              [15;1H~                                                                                                                                              [16;1H~                                                                                                                                              [17;1H~                                                                                                                                              [18;1H~                                                                                                                                              [19;1H~                                                                                                                                              [20;1H~                                                                                                                                              [21;1H~                                                                                                                                              [22;1H~                                                                                                                                              [23;1H~                                                                                                                                              [24;1H~                                                                                                                                              [25;1H~                                                                                                                                              [26;1H~                                                                                                                                              [27;1H~                                                                                                                                              [28;1H~                                                                                                                                              [29;1H~                                                                                                                                              [30;1H~                                                                                                                                              [31;1H~                                                                                                                                              [32;1H~                                                                                                                                              [m[33;126H1,0-1[8C全部[1;5H[?12l[?25h[?1000l[33;1H
[32mW11: 警告: 编辑开始后，文件 "iprecord.txt" 已变动[m
[32m进一步说明请见 ":help W11"[m
[32m确定([O]), 加载文件((L)): [m[?1l>[?1049lVim: 拦截到致命信号(deadly signal) HUP
Vim: 结束。
[33;1H正在读取软件包列表...
正在分析软件包的依赖关系树...
正在读取状态信息...
python2.6-dev 已经是最新的版本了。
升级了 0 个软件包，新安装了 0 个软件包，要卸载 0 个软件包，有 0 个软件包未被升级。
正在读取软件包列表...
正在分析软件包的依赖关系树...
正在读取状态信息...
libqt4-dev 已经是最新的版本了。
libqt4-gui 已经是最新的版本了。
qt4-dev-tools 已经是最新的版本了。
qt4-qtconfig 已经是最新的版本了。
升级了 0 个软件包，新安装了 0 个软件包，要卸载 0 个软件包，有 0 个软件包未被升级。
正在读取软件包列表...
正在分析软件包的依赖关系树...
正在读取状态信息...
注意，根据正则表达式“python-qt4-*”选中了 python-qt4-phonon
注意，根据正则表达式“python-qt4-*”选中了 python-qt4-sql-dbg
注意，根据正则表达式“python-qt4-*”选中了 python-qt4-phonon-dbg
注意，根据正则表达式“python-qt4-*”选中了 python-qt4-dbg
注意，根据正则表达式“python-qt4-*”选中了 python-qt4-dev
注意，根据正则表达式“python-qt4-*”选中了 python-qt4-doc
注意，根据正则表达式“python-qt4-*”选中了 python-qt4-gl
注意，根据正则表达式“python-qt4-*”选中了 python-qt4
注意，根据正则表达式“python-qt4-*”选中了 python-qt4-sql
注意，根据正则表达式“python-qt4-*”选中了 python-qt4-common
注意，根据正则表达式“python-qt4-*”选中了 python-qt4-dbus-dbg
注意，根据正则表达式“python-qt4-*”选中了 python-qt4-gl-dbg
注意，根据正则表达式“python-qt4-*”选中了 python-qt4-dbus
升级了 0 个软件包，新安装了 0 个软件包，要卸载 0 个软件包，有 0 个软件包未被升级。
正在读取软件包列表...
正在分析软件包的依赖关系树...
正在读取状态信息...
nmap 已经是最新的版本了。
升级了 0 个软件包，新安装了 0 个软件包，要卸载 0 个软件包，有 0 个软件包未被升级。
正在读取软件包列表...
正在分析软件包的依赖关系树...
正在读取状态信息...
python2.6-dev 已经是最新的版本了。
升级了 0 个软件包，新安装了 0 个软件包，要卸载 0 个软件包，有 0 个软件包未被升级。
正在读取软件包列表...
正在分析软件包的依赖关系树...
正在读取状态信息...
libqt4-dev 已经是最新的版本了。
libqt4-gui 已经是最新的版本了。
qt4-dev-tools 已经是最新的版本了。
qt4-qtconfig 已经是最新的版本了。
升级了 0 个软件包，新安装了 0 个软件包，要卸载 0 个软件包，有 0 个软件包未被升级。
正在读取软件包列表...
正在分析软件包的依赖关系树...
正在读取状态信息...
注意，根据正则表达式“python-qt4-*”选中了 python-qt4-phonon
注意，根据正则表达式“python-qt4-*”选中了 python-qt4-sql-dbg
注意，根据正则表达式“python-qt4-*”选中了 python-qt4-phonon-dbg
注意，根据正则表达式“python-qt4-*”选中了 python-qt4-dbg
注意，根据正则表达式“python-qt4-*”选中了 python-qt4-dev
注意，根据正则表达式“python-qt4-*”选中了 python-qt4-doc
注意，根据正则表达式“python-qt4-*”选中了 python-qt4-gl
注意，根据正则表达式“python-qt4-*”选中了 python-qt4
注意，根据正则表达式“python-qt4-*”选中了 python-qt4-sql
注意，根据正则表达式“python-qt4-*”选中了 python-qt4-common
注意，根据正则表达式“python-qt4-*”选中了 python-qt4-dbus-dbg
注意，根据正则表达式“python-qt4-*”选中了 python-qt4-gl-dbg
注意，根据正则表达式“python-qt4-*”选中了 python-qt4-dbus
升级了 0 个软件包，新安装了 0 个软件包，要卸载 0 个软件包，有 0 个软件包未被升级。
正在读取软件包列表...
正在分析软件包的依赖关系树...
正在读取状态信息...
nmap 已经是最新的版本了。
升级了 0 个软件包，新安装了 0 个软件包，要卸载 0 个软件包，有 0 个软件包未被升级。
正在读取软件包列表...
正在分析软件包的依赖关系树...
正在读取状态信息...
python2.6-dev 已经是最新的版本了。
升级了 0 个软件包，新安装了 0 个软件包，要卸载 0 个软件包，有 0 个软件包未被升级。
正在读取软件包列表...
正在分析软件包的依赖关系树...
正在读取状态信息...
libqt4-dev 已经是最新的版本了。
libqt4-gui 已经是最新的版本了。
qt4-dev-tools 已经是最新的版本了。
qt4-qtconfig 已经是最新的版本了。
升级了 0 个软件包，新安装了 0 个软件包，要卸载 0 个软件包，有 0 个软件包未被升级。
正在读取软件包列表...
正在分析软件包的依赖关系树...
正在读取状态信息...
注意，根据正则表达式“python-qt4-*”选中了 python-qt4-phonon
注意，根据正则表达式“python-qt4-*”选中了 python-qt4-sql-dbg
注意，根据正则表达式“python-qt4-*”选中了 python-qt4-phonon-dbg
注意，根据正则表达式“python-qt4-*”选中了 python-qt4-dbg
注意，根据正则表达式“python-qt4-*”选中了 python-qt4-dev
注意，根据正则表达式“python-qt4-*”选中了 python-qt4-doc
注意，根据正则表达式“python-qt4-*”选中了 python-qt4-gl
注意，根据正则表达式“python-qt4-*”选中了 python-qt4
注意，根据正则表达式“python-qt4-*”选中了 python-qt4-sql
注意，根据正则表达式“python-qt4-*”选中了 python-qt4-common
注意，根据正则表达式“python-qt4-*”选中了 python-qt4-dbus-dbg
注意，根据正则表达式“python-qt4-*”选中了 python-qt4-gl-dbg
注意，根据正则表达式“python-qt4-*”选中了 python-qt4-dbus
升级了 0 个软件包，新安装了 0 个软件包，要卸载 0 个软件包，有 0 个软件包未被升级。
正在读取软件包列表...
正在分析软件包的依赖关系树...
正在读取状态信息...
nmap 已经是最新的版本了。
升级了 0 个软件包，新安装了 0 个软件包，要卸载 0 个软件包，有 0 个软件包未被升级。
正在读取软件包列表...
正在分析软件包的依赖关系树...
正在读取状态信息...
python2.6-dev 已经是最新的版本了。
升级了 0 个软件包，新安装了 0 个软件包，要卸载 0 个软件包，有 0 个软件包未被升级。
正在读取软件包列表...
正在分析软件包的依赖关系树...
正在读取状态信息...
libqt4-dev 已经是最新的版本了。
libqt4-gui 已经是最新的版本了。
qt4-dev-tools 已经是最新的版本了。
qt4-qtconfig 已经是最新的版本了。
升级了 0 个软件包，新安装了 0 个软件包，要卸载 0 个软件包，有 0 个软件包未被升级。
正在读取软件包列表...
正在分析软件包的依赖关系树...
正在读取状态信息...
注意，根据正则表达式“python-qt4-*”选中了 python-qt4-phonon
注意，根据正则表达式“python-qt4-*”选中了 python-qt4-sql-dbg
注意，根据正则表达式“python-qt4-*”选中了 python-qt4-phonon-dbg
注意，根据正则表达式“python-qt4-*”选中了 python-qt4-dbg
注意，根据正则表达式“python-qt4-*”选中了 python-qt4-dev
注意，根据正则表达式“python-qt4-*”选中了 python-qt4-doc
注意，根据正则表达式“python-qt4-*”选中了 python-qt4-gl
注意，根据正则表达式“python-qt4-*”选中了 python-qt4
注意，根据正则表达式“python-qt4-*”选中了 python-qt4-sql
注意，根据正则表达式“python-qt4-*”选中了 python-qt4-common
注意，根据正则表达式“python-qt4-*”选中了 python-qt4-dbus-dbg
注意，根据正则表达式“python-qt4-*”选中了 python-qt4-gl-dbg
注意，根据正则表达式“python-qt4-*”选中了 python-qt4-dbus
升级了 0 个软件包，新安装了 0 个软件包，要卸载 0 个软件包，有 0 个软件包未被升级。
正在读取软件包列表...
正在分析软件包的依赖关系树...
正在读取状态信息...
nmap 已经是最新的版本了。
升级了 0 个软件包，新安装了 0 个软件包，要卸载 0 个软件包，有 0 个软件包未被升级。
